<?xml version="1.0" encoding="utf-8"?>
<?AutomationStudio Version=3.0?>
<Transfer xmlns="http://br-automation.co.at/AS/Transfer">
  <OperatingSystem Version="H4.06"/>
  <Hardware Target="SG4"/>
  <Operation Delete="CognexVisM.br"/>
  <Operation Delete="CognexVisA.br"/>
  <Operation Delete="CognexVisC.br"/>
  <Operation Delete="CognexVisN.br"/>
  <Operation Delete="Cognex.br"/>
  <Operation Delete="Visu.br"/>
  <Operation Delete="vcpdvnc.br"/>
  <Operation Delete="visvc.br"/>
  <Operation Delete="vcbclass.br"/>
  <Operation Delete="vccbtn.br"/>
  <Operation Delete="vccline.br"/>
  <Operation Delete="vccnum.br"/>
  <Operation Delete="vcpfpp50.br"/>
  <Operation Delete="vcalarm.br"/>
  <Operation Delete="vctcal.br"/>
  <Operation Delete="vccovl.br"/>
  <Operation Delete="vcfntttf.br"/>
  <Operation Delete="vcdsloc.br"/>
  <Operation Delete="vcmgr.br"/>
  <Operation Delete="vccbmp.br"/>
  <Operation Delete="vccshape.br"/>
  <Operation Delete="vcpdsw.br"/>
  <Operation Delete="vcdsint.br"/>
  <Operation Delete="vcfile.br"/>
  <Operation Delete="vcptelo.br"/>
  <Operation Delete="vcchtml.br"/>
  <Operation Delete="vccstr.br"/>
  <Operation Delete="vccbar.br"/>
  <Operation Delete="vcrt.br"/>
  <Operation Delete="vcctext.br"/>
  <Operation Delete="vcclbox.br"/>
  <Operation Delete="BR_ATL_BMP.br"/>
  <Operation Delete="BR_ATL_COG.br"/>
  <Operation Delete="AsICMP.br"/>
  <Operation Delete="BR_ATL_LOG.br"/>
  <Operation Delete="asieccon.br"/>
  <Operation Delete="vcshared.br"/>
  <Operation Delete="arial.br"/>
  <Operation Delete="arialbd.br"/>
  <Operation Delete="Visu03.br"/>
  <Operation Delete="Visu02.br"/>
  <Operation Delete="Visu01.br"/>
  <Operation Delete="AsTCP.br"/>
  <Operation Delete="sys_lib.br"/>
  <Operation Delete="astime.br"/>
  <Operation Delete="vcnet.br"/>
  <Operation Delete="vcxml.br"/>
  <Operation Delete="vccurl.br"/>
  <Operation Delete="vcgclass.br"/>
  <Operation Delete="FileIO.br"/>
  <Operation Delete="vcpfmtcx.br"/>
  <Operation Delete="dataobj.br"/>
  <Operation Delete="vcpdihd.br"/>
  <Operation Delete="vcpdi815.br"/>
  <Operation Delete="vcpdi855.br"/>
  <Operation Download="asfw.br" Memory="SystemROM"/>
  <Operation Download="ashwd.br" Memory="SystemROM"/>
  <Operation Download="arconfig.br" Memory="SystemROM"/>
  <Operation Download="sysconf.br" Memory="SystemROM"/>
  <Operation Restart="warm"/>
  <Operation Download="vcresman.br" Memory="UserROM"/>
  <Operation Download="vcpdi855.br" Memory="UserROM"/>
  <Operation Download="vcpdi815.br" Memory="UserROM"/>
  <Operation Download="vcpdihd.br" Memory="UserROM"/>
  <Operation Restart="warm"/>
  <Operation Download="iomap.br" Memory="UserROM"/>
  <Operation Download="asstring.br" Memory="UserROM"/>
  <Operation Download="runtime.br" Memory="UserROM"/>
  <Operation Download="Visapi.br" Memory="UserROM"/>
  <Operation Download="standard.br" Memory="UserROM"/>
  <Operation Download="dataobj.br" Memory="UserROM"/>
  <Operation Download="vcpfmtcx.br" Memory="UserROM"/>
  <Operation Download="FileIO.br" Memory="UserROM"/>
  <Operation Download="vcgclass.br" Memory="UserROM"/>
  <Operation Download="vccurl.br" Memory="UserROM"/>
  <Operation Download="vcxml.br" Memory="UserROM"/>
  <Operation Download="vcnet.br" Memory="UserROM"/>
  <Operation Download="astime.br" Memory="UserROM"/>
  <Operation Download="sys_lib.br" Memory="UserROM"/>
  <Operation Download="AsTCP.br" Memory="UserROM"/>
  <Operation Download="Visu01.br" Memory="UserROM"/>
  <Operation Download="Visu02.br" Memory="UserROM"/>
  <Operation Download="Visu03.br" Memory="UserROM"/>
  <Operation Download="arialbd.br" Memory="UserROM"/>
  <Operation Download="arial.br" Memory="UserROM"/>
  <Operation Download="vcshared.br" Memory="UserROM"/>
  <Operation Download="asieccon.br" Memory="UserROM"/>
  <Operation Download="BR_ATL_LOG.br" Memory="UserROM"/>
  <Operation Download="AsICMP.br" Memory="UserROM"/>
  <Operation Download="BR_ATL_COG.br" Memory="UserROM"/>
  <Operation Download="BR_ATL_BMP.br" Memory="UserROM"/>
  <Operation Download="vcclbox.br" Memory="UserROM"/>
  <Operation Download="vcctext.br" Memory="UserROM"/>
  <Operation Download="vcrt.br" Memory="UserROM"/>
  <Operation Download="vccbar.br" Memory="UserROM"/>
  <Operation Download="vccstr.br" Memory="UserROM"/>
  <Operation Download="vcchtml.br" Memory="UserROM"/>
  <Operation Download="vcptelo.br" Memory="UserROM"/>
  <Operation Download="vcfile.br" Memory="UserROM"/>
  <Operation Download="vcdsint.br" Memory="UserROM"/>
  <Operation Download="vcpdsw.br" Memory="UserROM"/>
  <Operation Download="vccshape.br" Memory="UserROM"/>
  <Operation Download="vccbmp.br" Memory="UserROM"/>
  <Operation Download="vcmgr.br" Memory="UserROM"/>
  <Operation Download="vcdsloc.br" Memory="UserROM"/>
  <Operation Download="vcfntttf.br" Memory="UserROM"/>
  <Operation Download="vccovl.br" Memory="UserROM"/>
  <Operation Download="vctcal.br" Memory="UserROM"/>
  <Operation Download="vcalarm.br" Memory="UserROM"/>
  <Operation Download="vcpfpp50.br" Memory="UserROM"/>
  <Operation Download="vccnum.br" Memory="UserROM"/>
  <Operation Download="vccline.br" Memory="UserROM"/>
  <Operation Download="vccbtn.br" Memory="UserROM"/>
  <Operation Download="vcbclass.br" Memory="UserROM"/>
  <Operation Download="visvc.br" Memory="UserROM"/>
  <Operation Download="vcpdvnc.br" Memory="UserROM"/>
  <Operation Download="Visu.br" Memory="UserROM"/>
  <Operation Download="Cognex.br" Memory="UserROM"/>
  <Operation Download="CognexVisN.br" Memory="UserROM"/>
  <Operation Download="CognexVisC.br" Memory="UserROM"/>
  <Operation Download="CognexVisA.br" Memory="UserROM"/>
  <Operation Download="CognexVisM.br" Memory="UserROM"/>
</Transfer>