<?xml version="1.0" encoding="utf-8"?>
<?AutomationStudio Version="4.6.3.55 SP"?>
<Objects>
  <Object
    Path="C:\Users\hugop\Documents\GitHub\SN2_SFL3_Deboxeur_23\Hugo Pageaux\AS\pp70debox\Logical\Package.pkg"
    LogicalPath=""
    Type="Package.ParentUnknown"
    LastWriteTime="133263691356510612" />
  <Object
    Path="C:\Users\hugop\Documents\GitHub\SN2_SFL3_Deboxeur_23\Hugo Pageaux\AS\pp70debox\Logical\Global.typ"
    LogicalPath="Global.typ"
    Type="File"
    LastWriteTime="133263691356375466"
    Private="false" />
  <Object
    Path="C:\Users\hugop\Documents\GitHub\SN2_SFL3_Deboxeur_23\Hugo Pageaux\AS\pp70debox\Logical\Global.var"
    LogicalPath="Global.var"
    Type="File"
    LastWriteTime="133263691356375466"
    Private="false" />
  <Object
    Path="C:\Users\hugop\Documents\GitHub\SN2_SFL3_Deboxeur_23\Hugo Pageaux\AS\pp70debox\Logical\Libraries\Package.pkg"
    LogicalPath="Libraries"
    Type="Package"
    LastWriteTime="133263691356405464" />
  <Object
    Path="C:\Users\hugop\Documents\GitHub\SN2_SFL3_Deboxeur_23\Hugo Pageaux\AS\pp70debox\Logical\Libraries\operator\binary.lby"
    LogicalPath="Libraries.operator"
    Type="Library"
    LastWriteTime="133263691356470577" />
  <Object
    Path="C:\Users\hugop\Documents\GitHub\SN2_SFL3_Deboxeur_23\Hugo Pageaux\AS\pp70debox\Logical\Libraries\operator\operator.fun"
    LogicalPath="Libraries.operator.operator.fun"
    Type="File"
    LastWriteTime="133263691356470577"
    Private="false" />
  <Object
    Path="C:\Users\hugop\Documents\GitHub\SN2_SFL3_Deboxeur_23\Hugo Pageaux\AS\pp70debox\Logical\Libraries\operator\operator.typ"
    LogicalPath="Libraries.operator.operator.typ"
    Type="File"
    LastWriteTime="133263691356470577"
    Private="false" />
  <Object
    Path="C:\Users\hugop\Documents\GitHub\SN2_SFL3_Deboxeur_23\Hugo Pageaux\AS\pp70debox\Logical\Libraries\operator\operator.var"
    LogicalPath="Libraries.operator.operator.var"
    Type="File"
    LastWriteTime="133263691356480576"
    Private="false" />
  <Object
    Path="C:\Users\hugop\Documents\GitHub\SN2_SFL3_Deboxeur_23\Hugo Pageaux\AS\pp70debox\Logical\Libraries\runtime\binary.lby"
    LogicalPath="Libraries.runtime"
    Type="Library"
    LastWriteTime="133263691356500616" />
  <Object
    Path="C:\Users\hugop\Documents\GitHub\SN2_SFL3_Deboxeur_23\Hugo Pageaux\AS\pp70debox\Logical\Libraries\runtime\runtime.fun"
    LogicalPath="Libraries.runtime.runtime.fun"
    Type="File"
    LastWriteTime="133263691356500616"
    Private="false" />
  <Object
    Path="C:\Users\hugop\Documents\GitHub\SN2_SFL3_Deboxeur_23\Hugo Pageaux\AS\pp70debox\Logical\Libraries\runtime\runtime.typ"
    LogicalPath="Libraries.runtime.runtime.typ"
    Type="File"
    LastWriteTime="133263691356510612"
    Private="false" />
  <Object
    Path="C:\Users\hugop\Documents\GitHub\SN2_SFL3_Deboxeur_23\Hugo Pageaux\AS\pp70debox\Logical\Libraries\runtime\runtime.var"
    LogicalPath="Libraries.runtime.runtime.var"
    Type="File"
    LastWriteTime="133263691356510612"
    Private="false" />
  <Object
    Path="C:\Users\hugop\Documents\GitHub\SN2_SFL3_Deboxeur_23\Hugo Pageaux\AS\pp70debox\Logical\Libraries\astime\binary.lby"
    LogicalPath="Libraries.astime"
    Type="Library"
    LastWriteTime="133263691356450578" />
  <Object
    Path="C:\Users\hugop\Documents\GitHub\SN2_SFL3_Deboxeur_23\Hugo Pageaux\AS\pp70debox\Logical\Libraries\astime\astime.fun"
    LogicalPath="Libraries.astime.astime.fun"
    Type="File"
    LastWriteTime="133263691356440583"
    Private="false" />
  <Object
    Path="C:\Users\hugop\Documents\GitHub\SN2_SFL3_Deboxeur_23\Hugo Pageaux\AS\pp70debox\Logical\Libraries\astime\astime.typ"
    LogicalPath="Libraries.astime.astime.typ"
    Type="File"
    LastWriteTime="133263691356440583"
    Private="false" />
  <Object
    Path="C:\Users\hugop\Documents\GitHub\SN2_SFL3_Deboxeur_23\Hugo Pageaux\AS\pp70debox\Logical\Libraries\astime\astime.var"
    LogicalPath="Libraries.astime.astime.var"
    Type="File"
    LastWriteTime="133263691356440583"
    Private="false" />
  <Object
    Path="C:\Users\hugop\Documents\GitHub\SN2_SFL3_Deboxeur_23\Hugo Pageaux\AS\pp70debox\Logical\Libraries\AsIecCon\binary.lby"
    LogicalPath="Libraries.AsIecCon"
    Type="Library"
    LastWriteTime="133263691356405464" />
  <Object
    Path="C:\Users\hugop\Documents\GitHub\SN2_SFL3_Deboxeur_23\Hugo Pageaux\AS\pp70debox\Logical\Libraries\AsIecCon\AsIecCon.fun"
    LogicalPath="Libraries.AsIecCon.AsIecCon.fun"
    Type="File"
    LastWriteTime="133263691356385480"
    Private="false" />
  <Object
    Path="C:\Users\hugop\Documents\GitHub\SN2_SFL3_Deboxeur_23\Hugo Pageaux\AS\pp70debox\Logical\Libraries\AsIecCon\AsIecCon.typ"
    LogicalPath="Libraries.AsIecCon.AsIecCon.typ"
    Type="File"
    LastWriteTime="133263691356385480"
    Private="false" />
  <Object
    Path="C:\Users\hugop\Documents\GitHub\SN2_SFL3_Deboxeur_23\Hugo Pageaux\AS\pp70debox\Logical\Libraries\AsIecCon\AsIecCon.var"
    LogicalPath="Libraries.AsIecCon.AsIecCon.var"
    Type="File"
    LastWriteTime="133263691356395480"
    Private="false" />
  <Object
    Path="C:\Users\hugop\Documents\GitHub\SN2_SFL3_Deboxeur_23\Hugo Pageaux\AS\pp70debox\Logical\VisCtrl\IEC.prg"
    LogicalPath="VisCtrl"
    Type="Program"
    LastWriteTime="133263691356591945" />
  <Object
    Path="C:\Users\hugop\Documents\GitHub\SN2_SFL3_Deboxeur_23\Hugo Pageaux\AS\pp70debox\Logical\VisCtrl\Cyclic.st"
    LogicalPath="VisCtrl.Cyclic.st"
    Type="File"
    LastWriteTime="133263691356591945"
    Private="false" />
  <Object
    Path="C:\Users\hugop\Documents\GitHub\SN2_SFL3_Deboxeur_23\Hugo Pageaux\AS\pp70debox\Logical\VisCtrl\Init.st"
    LogicalPath="VisCtrl.Init.st"
    Type="File"
    LastWriteTime="133263691356591945"
    Private="false" />
  <Object
    Path="C:\Users\hugop\Documents\GitHub\SN2_SFL3_Deboxeur_23\Hugo Pageaux\AS\pp70debox\Logical\VisCtrl\Exit.st"
    LogicalPath="VisCtrl.Exit.st"
    Type="File"
    LastWriteTime="133263691356591945"
    Private="false" />
  <Object
    Path="C:\Users\hugop\Documents\GitHub\SN2_SFL3_Deboxeur_23\Hugo Pageaux\AS\pp70debox\Logical\VisCtrl\Types.typ"
    LogicalPath="VisCtrl.Types.typ"
    Type="File"
    LastWriteTime="133263691356601955"
    Private="true" />
  <Object
    Path="C:\Users\hugop\Documents\GitHub\SN2_SFL3_Deboxeur_23\Hugo Pageaux\AS\pp70debox\Logical\VisCtrl\Variables.var"
    LogicalPath="VisCtrl.Variables.var"
    Type="File"
    LastWriteTime="133263691356601955"
    Private="true" />
  <Object
    Path="C:\Users\hugop\Documents\GitHub\SN2_SFL3_Deboxeur_23\Hugo Pageaux\AS\pp70debox\Logical\VisuPP70sync\Vc.dob"
    LogicalPath="VisuPP70sync"
    Type="DataObject"
    LastWriteTime="133263691357300582" />
  <Object
    Path="C:\Users\hugop\Documents\GitHub\SN2_SFL3_Deboxeur_23\Hugo Pageaux\AS\pp70debox\Logical\VisuPP70sync\VCObject.vc"
    LogicalPath="VisuPP70sync.VCObject.vc"
    Type="File"
    LastWriteTime="133263691357300582"
    Private="false" />
  <Object
    Path="C:\Users\hugop\Documents\GitHub\SN2_SFL3_Deboxeur_23\Hugo Pageaux\AS\pp70debox\Physical\Config1\Config.pkg"
    LogicalPath="Config1"
    Type="Configuration.ParentUnknown"
    LastWriteTime="133263691357501077" />
  <Object
    Path="C:\Users\hugop\Documents\GitHub\SN2_SFL3_Deboxeur_23\Hugo Pageaux\AS\pp70debox\Physical\Config1\Hardware.hw"
    LogicalPath="Config1.Hardware.hw"
    Type="File"
    LastWriteTime="133293904412708776"
    Private="false" />
  <Object
    Path="C:\Users\hugop\Documents\GitHub\SN2_SFL3_Deboxeur_23\Hugo Pageaux\AS\pp70debox\Physical\Config1\Hardware.hwl"
    LogicalPath="Config1.Hardware.hwl"
    Type="File"
    LastWriteTime="133263691357511070"
    Private="false" />
  <Object
    Path="C:\Users\hugop\Documents\GitHub\SN2_SFL3_Deboxeur_23\Hugo Pageaux\AS\pp70debox\Physical\Config1\4PPC70_0702_20B\Cpu.pkg"
    LogicalPath="Config1.4PPC70_0702_20B"
    Type="Cpu"
    LastWriteTime="133263691357395741" />
  <Object
    Path="C:\Users\hugop\Documents\GitHub\SN2_SFL3_Deboxeur_23\Hugo Pageaux\AS\pp70debox\Physical\Config1\4PPC70_0702_20B\Cpu.sw"
    LogicalPath="Config1.4PPC70_0702_20B.Cpu.sw"
    Type="File"
    LastWriteTime="133263691357395741"
    Private="false" />
  <Object
    Path="C:\Users\hugop\Documents\GitHub\SN2_SFL3_Deboxeur_23\Hugo Pageaux\AS\pp70debox\Physical\Config1\4PPC70_0702_20B\Cpu.per"
    LogicalPath="Config1.4PPC70_0702_20B.Cpu.per"
    Type="File"
    LastWriteTime="133263691357385733"
    Private="false" />
  <Object
    Path="C:\Users\hugop\Documents\GitHub\SN2_SFL3_Deboxeur_23\Hugo Pageaux\AS\pp70debox\Physical\Config1\4PPC70_0702_20B\IoMap.iom"
    LogicalPath="Config1.4PPC70_0702_20B.IoMap.iom"
    Type="File"
    LastWriteTime="133263691357461075"
    Private="false" />
  <Object
    Path="C:\Users\hugop\Documents\GitHub\SN2_SFL3_Deboxeur_23\Hugo Pageaux\AS\pp70debox\Physical\Config1\4PPC70_0702_20B\PvMap.vvm"
    LogicalPath="Config1.4PPC70_0702_20B.PvMap.vvm"
    Type="File"
    LastWriteTime="133263691357471094"
    Private="false" />
  <Object
    Path="C:\Users\hugop\Documents\GitHub\SN2_SFL3_Deboxeur_23\Hugo Pageaux\AS\pp70debox\Physical\Config1\4PPC70_0702_20B\Connectivity\Package.pkg"
    LogicalPath="Config1.4PPC70_0702_20B.Connectivity"
    Type="Package"
    LastWriteTime="133263691357385733" />
  <Object
    Path="C:\Users\hugop\Documents\GitHub\SN2_SFL3_Deboxeur_23\Hugo Pageaux\AS\pp70debox\Physical\Config1\4PPC70_0702_20B\Connectivity\OpcUA\Package.pkg"
    LogicalPath="Config1.4PPC70_0702_20B.Connectivity.OpcUA"
    Type="Package"
    LastWriteTime="133263691357385733" />
  <Object
    Path="C:\Users\hugop\Documents\GitHub\SN2_SFL3_Deboxeur_23\Hugo Pageaux\AS\pp70debox\Physical\Config1\4PPC70_0702_20B\TextSystem\Package.pkg"
    LogicalPath="Config1.4PPC70_0702_20B.TextSystem"
    Type="Package"
    LastWriteTime="133263691357471094" />
  <Object
    Path="C:\Users\hugop\Documents\GitHub\SN2_SFL3_Deboxeur_23\Hugo Pageaux\AS\pp70debox\Physical\Config1\4PPC70_0702_20B\UnitSystem\Package.pkg"
    LogicalPath="Config1.4PPC70_0702_20B.UnitSystem"
    Type="Package"
    LastWriteTime="133263691357481081" />
  <Object
    Path="C:\Users\hugop\Documents\GitHub\SN2_SFL3_Deboxeur_23\Hugo Pageaux\AS\pp70debox\Physical\Config1\4PPC70_0702_20B\AccessAndSecurity\Package.pkg"
    LogicalPath="Config1.4PPC70_0702_20B.AccessAndSecurity"
    Type="Package"
    LastWriteTime="133263691357365725" />
  <Object
    Path="C:\Users\hugop\Documents\GitHub\SN2_SFL3_Deboxeur_23\Hugo Pageaux\AS\pp70debox\Physical\Config1\4PPC70_0702_20B\AccessAndSecurity\UserRoleSystem\Package.pkg"
    LogicalPath="Config1.4PPC70_0702_20B.AccessAndSecurity.UserRoleSystem"
    Type="Package"
    LastWriteTime="133263691357375727" />
  <Object
    Path="C:\Users\hugop\Documents\GitHub\SN2_SFL3_Deboxeur_23\Hugo Pageaux\AS\pp70debox\Physical\Config1\4PPC70_0702_20B\AccessAndSecurity\UserRoleSystem\Role.role"
    LogicalPath="Config1.4PPC70_0702_20B.AccessAndSecurity.UserRoleSystem.Role.role"
    Type="File"
    LastWriteTime="133263691357375727"
    Private="false" />
  <Object
    Path="C:\Users\hugop\Documents\GitHub\SN2_SFL3_Deboxeur_23\Hugo Pageaux\AS\pp70debox\Physical\Config1\4PPC70_0702_20B\AccessAndSecurity\UserRoleSystem\User.user"
    LogicalPath="Config1.4PPC70_0702_20B.AccessAndSecurity.UserRoleSystem.User.user"
    Type="File"
    LastWriteTime="133263691357375727"
    Private="false" />
  <Object
    Path="C:\Users\hugop\Documents\GitHub\SN2_SFL3_Deboxeur_23\Hugo Pageaux\AS\pp70debox\Physical\Config1\4PPC70_0702_20B\AccessAndSecurity\CertificateStore\Package.pkg"
    LogicalPath="Config1.4PPC70_0702_20B.AccessAndSecurity.CertificateStore"
    Type="Package"
    LastWriteTime="133263691357345730" />
  <Object
    Path="C:\Users\hugop\Documents\GitHub\SN2_SFL3_Deboxeur_23\Hugo Pageaux\AS\pp70debox\Physical\Config1\4PPC70_0702_20B\AccessAndSecurity\CertificateStore\OwnCertificates\Package.pkg"
    LogicalPath="Config1.4PPC70_0702_20B.AccessAndSecurity.CertificateStore.OwnCertificates"
    Type="Package"
    LastWriteTime="133263691357335685" />
  <Object
    Path="C:\Users\hugop\Documents\GitHub\SN2_SFL3_Deboxeur_23\Hugo Pageaux\AS\pp70debox\Physical\Config1\4PPC70_0702_20B\AccessAndSecurity\CertificateStore\OwnCertificates\Certificates\Package.pkg"
    LogicalPath="Config1.4PPC70_0702_20B.AccessAndSecurity.CertificateStore.OwnCertificates.Certificates"
    Type="Package"
    LastWriteTime="133263691357335685" />
  <Object
    Path="C:\Users\hugop\Documents\GitHub\SN2_SFL3_Deboxeur_23\Hugo Pageaux\AS\pp70debox\Physical\Config1\4PPC70_0702_20B\AccessAndSecurity\CertificateStore\OwnCertificates\PrivateKeys\Package.pkg"
    LogicalPath="Config1.4PPC70_0702_20B.AccessAndSecurity.CertificateStore.OwnCertificates.PrivateKeys"
    Type="Package"
    LastWriteTime="133263691357345730" />
  <Object
    Path="C:\Users\hugop\Documents\GitHub\SN2_SFL3_Deboxeur_23\Hugo Pageaux\AS\pp70debox\Physical\Config1\4PPC70_0702_20B\AccessAndSecurity\CertificateStore\ThirdPartyCertificates\Package.pkg"
    LogicalPath="Config1.4PPC70_0702_20B.AccessAndSecurity.CertificateStore.ThirdPartyCertificates"
    Type="Package"
    LastWriteTime="133263691357345730" />
  <Object
    Path="C:\Users\hugop\Documents\GitHub\SN2_SFL3_Deboxeur_23\Hugo Pageaux\AS\pp70debox\Physical\Config1\4PPC70_0702_20B\AccessAndSecurity\CertificateStore\ThirdPartyCertificates\SoftwareCertificates\Package.pkg"
    LogicalPath="Config1.4PPC70_0702_20B.AccessAndSecurity.CertificateStore.ThirdPartyCertificates.SoftwareCertificates"
    Type="Package"
    LastWriteTime="133263691357355726" />
  <Object
    Path="C:\Users\hugop\Documents\GitHub\SN2_SFL3_Deboxeur_23\Hugo Pageaux\AS\pp70debox\Physical\Config1\4PPC70_0702_20B\AccessAndSecurity\CertificateStore\CertificateRevocationLists\Package.pkg"
    LogicalPath="Config1.4PPC70_0702_20B.AccessAndSecurity.CertificateStore.CertificateRevocationLists"
    Type="Package"
    LastWriteTime="133263691357325627" />
  <Object
    Path="C:\Users\hugop\Documents\GitHub\SN2_SFL3_Deboxeur_23\Hugo Pageaux\AS\pp70debox\Physical\Config1\4PPC70_0702_20B\AccessAndSecurity\CertificateStore\CertificateSigningRequests\Package.pkg"
    LogicalPath="Config1.4PPC70_0702_20B.AccessAndSecurity.CertificateStore.CertificateSigningRequests"
    Type="Package"
    LastWriteTime="133263691357325627" />
  <Object
    Path="C:\Users\hugop\Documents\GitHub\SN2_SFL3_Deboxeur_23\Hugo Pageaux\AS\pp70debox\Physical\Config1\4PPC70_0702_20B\AccessAndSecurity\TransportLayerSecurity\Package.pkg"
    LogicalPath="Config1.4PPC70_0702_20B.AccessAndSecurity.TransportLayerSecurity"
    Type="Package"
    LastWriteTime="133263691357365725" />
  <Object
    Path="C:\Users\hugop\Documents\GitHub\SN2_SFL3_Deboxeur_23\Hugo Pageaux\AS\pp70debox\Physical\Config1\4PPC70_0702_20B\AccessAndSecurity\Firewall\Package.pkg"
    LogicalPath="Config1.4PPC70_0702_20B.AccessAndSecurity.Firewall"
    Type="Package"
    LastWriteTime="133263691357355726" />
  <Object
    Path="C:\Users\hugop\Documents\GitHub\SN2_SFL3_Deboxeur_23\Hugo Pageaux\AS\pp70debox\Physical\Config1\4PPC70_0702_20B\AccessAndSecurity\Firewall\Rules.firewallRules"
    LogicalPath="Config1.4PPC70_0702_20B.AccessAndSecurity.Firewall.Rules.firewallRules"
    Type="File"
    LastWriteTime="133263691357365725"
    Private="false" />
  <Object
    Path="C:\Users\hugop\Documents\GitHub\SN2_SFL3_Deboxeur_23\Hugo Pageaux\AS\pp70debox\Physical\Config1\4PPC70_0702_20B\mappControl\Package.pkg"
    LogicalPath="Config1.4PPC70_0702_20B.mappControl"
    Type="Package"
    LastWriteTime="133263691357491071" />
  <Object
    Path="C:\Users\hugop\Documents\GitHub\SN2_SFL3_Deboxeur_23\Hugo Pageaux\AS\pp70debox\Physical\Config1\4PPC70_0702_20B\mappMotion\Package.pkg"
    LogicalPath="Config1.4PPC70_0702_20B.mappMotion"
    Type="Package"
    LastWriteTime="133263691357491071" />
  <Object
    Path="C:\Users\hugop\Documents\GitHub\SN2_SFL3_Deboxeur_23\Hugo Pageaux\AS\pp70debox\Physical\Config1\4PPC70_0702_20B\mappServices\Package.pkg"
    LogicalPath="Config1.4PPC70_0702_20B.mappServices"
    Type="Package"
    LastWriteTime="133263691357501077" />
  <Object
    Path="C:\Users\hugop\Documents\GitHub\SN2_SFL3_Deboxeur_23\Hugo Pageaux\AS\pp70debox\Physical\Config1\4PPC70_0702_20B\mappView\Package.pkg"
    LogicalPath="Config1.4PPC70_0702_20B.mappView"
    Type="Package"
    LastWriteTime="133263691357501077" />
  <Object
    Path="C:\Users\hugop\Documents\GitHub\SN2_SFL3_Deboxeur_23\Hugo Pageaux\AS\pp70debox\Physical\Config1\4PPC70_0702_20B\mappCockpit\Package.pkg"
    LogicalPath="Config1.4PPC70_0702_20B.mappCockpit"
    Type="Package"
    LastWriteTime="133263691357491071" />
  <Object
    Path="C:\Users\hugop\Documents\GitHub\SN2_SFL3_Deboxeur_23\Hugo Pageaux\AS\pp70debox\Physical\Config1\4PPC70_0702_20B\VC\Package.pkg"
    LogicalPath="Config1.4PPC70_0702_20B.VC"
    Type="Package"
    LastWriteTime="133263691357481081" />
  <Object
    Path="C:\Users\hugop\Documents\GitHub\SN2_SFL3_Deboxeur_23\Hugo Pageaux\AS\pp70debox\Physical\Config1\4PPC70_0702_20B\VC\4PPC70_0702_20B.dis"
    LogicalPath="Config1.4PPC70_0702_20B.VC.4PPC70_0702_20B.dis"
    Type="File"
    LastWriteTime="133263691357481081"
    Private="false" />
  <Object
    Path="C:\Users\hugop\Documents\GitHub\SN2_SFL3_Deboxeur_23\Hugo Pageaux\AS\pp70debox\Physical\Config1\4PPC70_0702_20B\ExternalHardware\Package.pkg"
    LogicalPath="Config1.4PPC70_0702_20B.ExternalHardware"
    Type="Package"
    LastWriteTime="133263691357451073" />
  <Object
    Path="C:\Users\hugop\Documents\GitHub\SN2_SFL3_Deboxeur_23\Hugo Pageaux\AS\pp70debox\Physical\Config1\4PPC70_0702_20B\ExternalHardware\ZDBAN416.ext"
    LogicalPath="Config1.4PPC70_0702_20B.ExternalHardware.ZDBAN416.ext"
    Type="File"
    LastWriteTime="133263691357461075"
    Private="false" />
  <Object
    Path="C:\Users\hugop\Documents\GitHub\SN2_SFL3_Deboxeur_23\Hugo Pageaux\AS\pp70debox\Physical\Config1\4PPC70_0702_20B\ExternalHardware\ExternalHardwareDevices.xml"
    LogicalPath="Config1.4PPC70_0702_20B.ExternalHardware.ExternalHardwareDevices.xml"
    Type="File"
    LastWriteTime="133263691357451073"
    Private="false" />
  <Object
    Path="C:\Users\hugop\Documents\GitHub\SN2_SFL3_Deboxeur_23\Hugo Pageaux\AS\pp70debox\Physical\Config1\4PPC70_0702_20B\DTM\Package.pkg"
    LogicalPath="Config1.4PPC70_0702_20B.DTM"
    Type="Package"
    LastWriteTime="133263691357405888" />
  <Object
    Path="C:\Users\hugop\Documents\GitHub\SN2_SFL3_Deboxeur_23\Hugo Pageaux\AS\pp70debox\Physical\Config1\4PPC70_0702_20B\DTM\X20IF10D1_1\Package.pkg"
    LogicalPath="Config1.4PPC70_0702_20B.DTM.X20IF10D1_1"
    Type="Package"
    LastWriteTime="133263691357405888" />
  <Object
    Path="C:\Users\hugop\Documents\GitHub\SN2_SFL3_Deboxeur_23\Hugo Pageaux\AS\pp70debox\Physical\Config1\4PPC70_0702_20B\DTM\X20IF10D1_1\X20IF10D1_1.dtm"
    LogicalPath="Config1.4PPC70_0702_20B.DTM.X20IF10D1_1.X20IF10D1_1.dtm"
    Type="File"
    LastWriteTime="133263691357431028"
    Private="false" />
  <Object
    Path="C:\Users\hugop\Documents\GitHub\SN2_SFL3_Deboxeur_23\Hugo Pageaux\AS\pp70debox\Physical\Config1\4PPC70_0702_20B\DTM\X20IF10D1_1\X20IF10D1_1_IF1\Package.pkg"
    LogicalPath="Config1.4PPC70_0702_20B.DTM.X20IF10D1_1.X20IF10D1_1_IF1"
    Type="Package"
    LastWriteTime="133263691357431028" />
  <Object
    Path="C:\Users\hugop\Documents\GitHub\SN2_SFL3_Deboxeur_23\Hugo Pageaux\AS\pp70debox\Physical\Config1\4PPC70_0702_20B\DTM\X20IF10D1_1\X20IF10D1_1_IF1\X20IF10D1_1_IF1.dtmdre"
    LogicalPath="Config1.4PPC70_0702_20B.DTM.X20IF10D1_1.X20IF10D1_1_IF1.X20IF10D1_1_IF1.dtmdre"
    Type="File"
    LastWriteTime="133263691357441030"
    Private="false" />
  <Object
    Path="C:\Users\hugop\Documents\GitHub\SN2_SFL3_Deboxeur_23\Hugo Pageaux\AS\pp70debox\Physical\Config1\4PPC70_0702_20B\DTM\X20IF10D1_1\X20IF10D1_1_IF1\X20IF10D1_1_IF1.dtmdra"
    LogicalPath="Config1.4PPC70_0702_20B.DTM.X20IF10D1_1.X20IF10D1_1_IF1.X20IF10D1_1_IF1.dtmdra"
    Type="File"
    LastWriteTime="133263691357441030"
    Private="false" />
  <Object
    Path="C:\Users\hugop\Documents\GitHub\SN2_SFL3_Deboxeur_23\Hugo Pageaux\AS\pp70debox\Physical\Config1\4PPC70_0702_20B\DTM\X20IF10D1_1\X20IF10D1_1_IF1\X20IF10D1_1_IF1.dtmtre"
    LogicalPath="Config1.4PPC70_0702_20B.DTM.X20IF10D1_1.X20IF10D1_1_IF1.X20IF10D1_1_IF1.dtmtre"
    Type="File"
    LastWriteTime="133263691357451073"
    Private="false" />
  <Object
    Path="C:\Users\hugop\Documents\GitHub\SN2_SFL3_Deboxeur_23\Hugo Pageaux\AS\pp70debox\Physical\Config1\4PPC70_0702_20B\DTM\X20IF10D1_1\X20IF10D1_1_IF1\X20IF10D1_1_IF1.dtmdri"
    LogicalPath="Config1.4PPC70_0702_20B.DTM.X20IF10D1_1.X20IF10D1_1_IF1.X20IF10D1_1_IF1.dtmdri"
    Type="File"
    LastWriteTime="133263691357441030"
    Private="false" />
  <Object
    Path="C:\Users\hugop\Documents\GitHub\SN2_SFL3_Deboxeur_23\Hugo Pageaux\AS\pp70debox\Physical\Config1\4PPC70_0702_20B\DTM\X20IF10D1_1\VS70_Series_V11_1\Package.pkg"
    LogicalPath="Config1.4PPC70_0702_20B.DTM.X20IF10D1_1.VS70_Series_V11_1"
    Type="Package"
    LastWriteTime="133263691357405888" />
  <Object
    Path="C:\Users\hugop\Documents\GitHub\SN2_SFL3_Deboxeur_23\Hugo Pageaux\AS\pp70debox\Physical\Config1\4PPC70_0702_20B\DTM\X20IF10D1_1\VS70_Series_V11_1\VS70_Series_V11_1.dtmdre"
    LogicalPath="Config1.4PPC70_0702_20B.DTM.X20IF10D1_1.VS70_Series_V11_1.VS70_Series_V11_1.dtmdre"
    Type="File"
    LastWriteTime="133263691357420974"
    Private="false" />
  <Object
    Path="C:\Users\hugop\Documents\GitHub\SN2_SFL3_Deboxeur_23\Hugo Pageaux\AS\pp70debox\Physical\Config1\4PPC70_0702_20B\DTM\X20IF10D1_1\VS70_Series_V11_1\VS70_Series_V11_1.dtmtre"
    LogicalPath="Config1.4PPC70_0702_20B.DTM.X20IF10D1_1.VS70_Series_V11_1.VS70_Series_V11_1.dtmtre"
    Type="File"
    LastWriteTime="133263691357431028"
    Private="false" />
  <Object
    Path="C:\Users\hugop\Documents\GitHub\SN2_SFL3_Deboxeur_23\Hugo Pageaux\AS\pp70debox\Physical\Config1\4PPC70_0702_20B\DTM\X20IF10D1_1\VS70_Series_V11_1\VS70_Series_V11_1.dtmdri"
    LogicalPath="Config1.4PPC70_0702_20B.DTM.X20IF10D1_1.VS70_Series_V11_1.VS70_Series_V11_1.dtmdri"
    Type="File"
    LastWriteTime="133263691357420974"
    Private="false" />
  <Object
    Path="C:\Users\hugop\Documents\GitHub\SN2_SFL3_Deboxeur_23\Hugo Pageaux\AS\pp70debox\Physical\Config1\Hardware.jpg"
    LogicalPath="Config1.Hardware.jpg"
    Type="File"
    LastWriteTime="133293905633048113"
    Private="false" />
</Objects>