<?xml version="1.0" encoding="utf-8"?>
<?AutomationStudio Version="4.12.2.93"?>
<Objects>
  <Object
    Path="C:\projects\pjafag\AfagP70\Logical\Package.pkg"
    LogicalPath=""
    Type="Package.ParentUnknown"
    LastWriteTime="133555001389196917" />
  <Object
    Path="C:\projects\pjafag\AfagP70\Temp\Includes\AS_TempDecl\Config1\GlobalComponents\MpComponents.var"
    LogicalPath="MpComponents.var"
    Type="File"
    LastWriteTime="133555003585254630"
    Private="false" />
  <Object
    Path="C:\projects\pjafag\AfagP70\Logical\Global.typ"
    LogicalPath="Global.typ"
    Type="File"
    LastWriteTime="133559224118321188"
    Private="false" />
  <Object
    Path="C:\projects\pjafag\AfagP70\Logical\Global.var"
    LogicalPath="Global.var"
    Type="File"
    LastWriteTime="133559224029523228"
    Private="false" />
  <Object
    Path="C:\projects\pjafag\AfagP70\Logical\Libraries\Package.pkg"
    LogicalPath="Libraries"
    Type="Package"
    LastWriteTime="133017683540000000" />
  <Object
    Path="C:\projects\pjafag\AfagP70\Logical\Libraries\operator\binary.lby"
    LogicalPath="Libraries.operator"
    Type="Library"
    LastWriteTime="133016791800000000" />
  <Object
    Path="C:\projects\pjafag\AfagP70\Logical\Libraries\operator\operator.fun"
    LogicalPath="Libraries.operator.operator.fun"
    Type="File"
    LastWriteTime="133016791800000000"
    Private="false" />
  <Object
    Path="C:\projects\pjafag\AfagP70\Logical\Libraries\operator\operator.typ"
    LogicalPath="Libraries.operator.operator.typ"
    Type="File"
    LastWriteTime="133016791800000000"
    Private="false" />
  <Object
    Path="C:\projects\pjafag\AfagP70\Logical\Libraries\operator\operator.var"
    LogicalPath="Libraries.operator.operator.var"
    Type="File"
    LastWriteTime="133016791800000000"
    Private="false" />
  <Object
    Path="C:\projects\pjafag\AfagP70\Logical\Libraries\runtime\binary.lby"
    LogicalPath="Libraries.runtime"
    Type="Library"
    LastWriteTime="133016791800000000" />
  <Object
    Path="C:\projects\pjafag\AfagP70\Logical\Libraries\runtime\runtime.fun"
    LogicalPath="Libraries.runtime.runtime.fun"
    Type="File"
    LastWriteTime="133016791800000000"
    Private="false" />
  <Object
    Path="C:\projects\pjafag\AfagP70\Logical\Libraries\runtime\runtime.typ"
    LogicalPath="Libraries.runtime.runtime.typ"
    Type="File"
    LastWriteTime="133016791800000000"
    Private="false" />
  <Object
    Path="C:\projects\pjafag\AfagP70\Logical\Libraries\runtime\runtime.var"
    LogicalPath="Libraries.runtime.runtime.var"
    Type="File"
    LastWriteTime="133016791800000000"
    Private="false" />
  <Object
    Path="C:\projects\pjafag\AfagP70\Logical\Libraries\astime\binary.lby"
    LogicalPath="Libraries.astime"
    Type="Library"
    LastWriteTime="133016791800000000" />
  <Object
    Path="C:\projects\pjafag\AfagP70\Logical\Libraries\astime\astime.fun"
    LogicalPath="Libraries.astime.astime.fun"
    Type="File"
    LastWriteTime="133016791800000000"
    Private="false" />
  <Object
    Path="C:\projects\pjafag\AfagP70\Logical\Libraries\astime\astime.typ"
    LogicalPath="Libraries.astime.astime.typ"
    Type="File"
    LastWriteTime="133016791800000000"
    Private="false" />
  <Object
    Path="C:\projects\pjafag\AfagP70\Logical\Libraries\astime\astime.var"
    LogicalPath="Libraries.astime.astime.var"
    Type="File"
    LastWriteTime="133016791800000000"
    Private="false" />
  <Object
    Path="C:\projects\pjafag\AfagP70\Logical\Libraries\AsIecCon\binary.lby"
    LogicalPath="Libraries.AsIecCon"
    Type="Library"
    LastWriteTime="133016791800000000" />
  <Object
    Path="C:\projects\pjafag\AfagP70\Logical\Libraries\AsIecCon\AsIecCon.fun"
    LogicalPath="Libraries.AsIecCon.AsIecCon.fun"
    Type="File"
    LastWriteTime="133016791800000000"
    Private="false" />
  <Object
    Path="C:\projects\pjafag\AfagP70\Logical\Libraries\AsIecCon\AsIecCon.typ"
    LogicalPath="Libraries.AsIecCon.AsIecCon.typ"
    Type="File"
    LastWriteTime="133016791800000000"
    Private="false" />
  <Object
    Path="C:\projects\pjafag\AfagP70\Logical\Libraries\AsIecCon\AsIecCon.var"
    LogicalPath="Libraries.AsIecCon.AsIecCon.var"
    Type="File"
    LastWriteTime="133016791800000000"
    Private="false" />
  <Object
    Path="C:\projects\pjafag\AfagP70\Logical\Libraries\MpDatabase\Binary.lby"
    LogicalPath="Libraries.MpDatabase"
    Type="Library"
    LastWriteTime="133016792220000000" />
  <Object
    Path="C:\projects\pjafag\AfagP70\Logical\Libraries\MpDatabase\MpDatabase.typ"
    LogicalPath="Libraries.MpDatabase.MpDatabase.typ"
    Type="File"
    LastWriteTime="133016792220000000"
    Private="false" />
  <Object
    Path="C:\projects\pjafag\AfagP70\Logical\Libraries\MpDatabase\MpDatabaseError.typ"
    LogicalPath="Libraries.MpDatabase.MpDatabaseError.typ"
    Type="File"
    LastWriteTime="133016792220000000"
    Private="false" />
  <Object
    Path="C:\projects\pjafag\AfagP70\Logical\Libraries\MpDatabase\MpDatabase.fun"
    LogicalPath="Libraries.MpDatabase.MpDatabase.fun"
    Type="File"
    LastWriteTime="133016792220000000"
    Private="false" />
  <Object
    Path="C:\projects\pjafag\AfagP70\Logical\Libraries\MpBase\Binary.lby"
    LogicalPath="Libraries.MpBase"
    Type="Library"
    LastWriteTime="133016792220000000" />
  <Object
    Path="C:\projects\pjafag\AfagP70\Logical\Libraries\MpBase\MpBase.typ"
    LogicalPath="Libraries.MpBase.MpBase.typ"
    Type="File"
    LastWriteTime="133016792220000000"
    Private="false" />
  <Object
    Path="C:\projects\pjafag\AfagP70\Logical\Libraries\MpBase\MpBase.var"
    LogicalPath="Libraries.MpBase.MpBase.var"
    Type="File"
    LastWriteTime="133016792220000000"
    Private="false" />
  <Object
    Path="C:\projects\pjafag\AfagP70\Logical\Libraries\MpBase\MpBase.fun"
    LogicalPath="Libraries.MpBase.MpBase.fun"
    Type="File"
    LastWriteTime="133016792220000000"
    Private="false" />
  <Object
    Path="C:\projects\pjafag\AfagP70\Logical\Libraries\MpBase\Common_EventLog.tmx"
    LogicalPath="Libraries.MpBase.Common_EventLog.tmx"
    Type="File"
    LastWriteTime="133016792220000000"
    Private="false" />
  <Object
    Path="C:\projects\pjafag\AfagP70\Logical\Libraries\AsHttp\binary.lby"
    LogicalPath="Libraries.AsHttp"
    Type="Library"
    LastWriteTime="133016792220000000" />
  <Object
    Path="C:\projects\pjafag\AfagP70\Logical\Libraries\AsHttp\AsHttp.fun"
    LogicalPath="Libraries.AsHttp.AsHttp.fun"
    Type="File"
    LastWriteTime="133016792220000000"
    Private="false" />
  <Object
    Path="C:\projects\pjafag\AfagP70\Logical\Libraries\AsHttp\AsHttp.typ"
    LogicalPath="Libraries.AsHttp.AsHttp.typ"
    Type="File"
    LastWriteTime="133016792220000000"
    Private="false" />
  <Object
    Path="C:\projects\pjafag\AfagP70\Logical\Libraries\AsHttp\AsHttp.var"
    LogicalPath="Libraries.AsHttp.AsHttp.var"
    Type="File"
    LastWriteTime="133016792220000000"
    Private="false" />
  <Object
    Path="C:\projects\pjafag\AfagP70\Logical\Libraries\AsIODiag\binary.lby"
    LogicalPath="Libraries.AsIODiag"
    Type="Library"
    LastWriteTime="133017683540000000" />
  <Object
    Path="C:\projects\pjafag\AfagP70\Logical\Libraries\AsIODiag\AsIODiag.fun"
    LogicalPath="Libraries.AsIODiag.AsIODiag.fun"
    Type="File"
    LastWriteTime="133017683540000000"
    Private="false" />
  <Object
    Path="C:\projects\pjafag\AfagP70\Logical\Libraries\AsIODiag\AsIODiag.typ"
    LogicalPath="Libraries.AsIODiag.AsIODiag.typ"
    Type="File"
    LastWriteTime="133017683540000000"
    Private="false" />
  <Object
    Path="C:\projects\pjafag\AfagP70\Logical\Libraries\AsIODiag\AsIODiag.var"
    LogicalPath="Libraries.AsIODiag.AsIODiag.var"
    Type="File"
    LastWriteTime="133017683540000000"
    Private="false" />
  <Object
    Path="C:\projects\pjafag\AfagP70\Logical\Infrastructure\Package.pkg"
    LogicalPath="Infrastructure"
    Type="Package"
    LastWriteTime="133016800680000000" />
  <Object
    Path="C:\projects\pjafag\AfagP70\Logical\Infrastructure\Tdatabase\IEC.prg"
    LogicalPath="Infrastructure.Tdatabase"
    Type="Program"
    LastWriteTime="133021037280000000" />
  <Object
    Path="C:\projects\pjafag\AfagP70\Logical\Infrastructure\Tdatabase\Init.st"
    LogicalPath="Infrastructure.Tdatabase.Init.st"
    Type="File"
    LastWriteTime="133576411916258170"
    Private="false" />
  <Object
    Path="C:\projects\pjafag\AfagP70\Logical\Infrastructure\Tdatabase\Cyclic.ld"
    LogicalPath="Infrastructure.Tdatabase.Cyclic.ld"
    Type="File"
    LastWriteTime="133607689706395171"
    Private="false" />
  <Object
    Path="C:\projects\pjafag\AfagP70\Logical\Infrastructure\Tdatabase\Exit.ld"
    LogicalPath="Infrastructure.Tdatabase.Exit.ld"
    Type="File"
    LastWriteTime="133016800480000000"
    Private="false" />
  <Object
    Path="C:\projects\pjafag\AfagP70\Logical\Infrastructure\Tdatabase\Types.typ"
    LogicalPath="Infrastructure.Tdatabase.Types.typ"
    Type="File"
    LastWriteTime="133567179029001100"
    Private="true" />
  <Object
    Path="C:\projects\pjafag\AfagP70\Logical\Infrastructure\Tdatabase\Variables.var"
    LogicalPath="Infrastructure.Tdatabase.Variables.var"
    Type="File"
    LastWriteTime="133567135785262378"
    Private="true" />
  <Object
    Path="C:\projects\pjafag\AfagP70\Physical\Config1\Config.pkg"
    LogicalPath="Config1"
    Type="Configuration.ParentUnknown"
    LastWriteTime="133016791840000000" />
  <Object
    Path="C:\projects\pjafag\AfagP70\Physical\Config1\Hardware.hw"
    LogicalPath="Config1.Hardware.hw"
    Type="File"
    LastWriteTime="133607723895120782"
    Private="false" />
  <Object
    Path="C:\projects\pjafag\AfagP70\Physical\Config1\Hardware.hwl"
    LogicalPath="Config1.Hardware.hwl"
    Type="File"
    LastWriteTime="133016798500000000"
    Private="false" />
  <Object
    Path="C:\projects\pjafag\AfagP70\Physical\Config1\4PPC70_0702_20B\Cpu.pkg"
    LogicalPath="Config1.4PPC70_0702_20B"
    Type="Cpu"
    LastWriteTime="133607723860908044" />
  <Object
    Path="C:\projects\pjafag\AfagP70\Physical\Config1\4PPC70_0702_20B\Cpu.sw"
    LogicalPath="Config1.4PPC70_0702_20B.Cpu.sw"
    Type="File"
    LastWriteTime="133017683540000000"
    Private="false" />
  <Object
    Path="C:\projects\pjafag\AfagP70\Physical\Config1\4PPC70_0702_20B\Cpu.per"
    LogicalPath="Config1.4PPC70_0702_20B.Cpu.per"
    Type="File"
    LastWriteTime="133016791800000000"
    Private="false" />
  <Object
    Path="C:\projects\pjafag\AfagP70\Physical\Config1\4PPC70_0702_20B\IoMap.iom"
    LogicalPath="Config1.4PPC70_0702_20B.IoMap.iom"
    Type="File"
    LastWriteTime="133016791800000000"
    Private="false" />
  <Object
    Path="C:\projects\pjafag\AfagP70\Physical\Config1\4PPC70_0702_20B\PvMap.vvm"
    LogicalPath="Config1.4PPC70_0702_20B.PvMap.vvm"
    Type="File"
    LastWriteTime="133016791800000000"
    Private="false" />
  <Object
    Path="C:\projects\pjafag\AfagP70\Physical\Config1\4PPC70_0702_20B\Connectivity\Package.pkg"
    LogicalPath="Config1.4PPC70_0702_20B.Connectivity"
    Type="Package"
    LastWriteTime="133016791800000000" />
  <Object
    Path="C:\projects\pjafag\AfagP70\Physical\Config1\4PPC70_0702_20B\Connectivity\OpcUA\Package.pkg"
    LogicalPath="Config1.4PPC70_0702_20B.Connectivity.OpcUA"
    Type="Package"
    LastWriteTime="133016791800000000" />
  <Object
    Path="C:\projects\pjafag\AfagP70\Physical\Config1\4PPC70_0702_20B\TextSystem\Package.pkg"
    LogicalPath="Config1.4PPC70_0702_20B.TextSystem"
    Type="Package"
    LastWriteTime="133016791800000000" />
  <Object
    Path="C:\projects\pjafag\AfagP70\Physical\Config1\4PPC70_0702_20B\UnitSystem\Package.pkg"
    LogicalPath="Config1.4PPC70_0702_20B.UnitSystem"
    Type="Package"
    LastWriteTime="133016791800000000" />
  <Object
    Path="C:\projects\pjafag\AfagP70\Physical\Config1\4PPC70_0702_20B\AccessAndSecurity\Package.pkg"
    LogicalPath="Config1.4PPC70_0702_20B.AccessAndSecurity"
    Type="Package"
    LastWriteTime="133016791800000000" />
  <Object
    Path="C:\projects\pjafag\AfagP70\Physical\Config1\4PPC70_0702_20B\AccessAndSecurity\UserRoleSystem\Package.pkg"
    LogicalPath="Config1.4PPC70_0702_20B.AccessAndSecurity.UserRoleSystem"
    Type="Package"
    LastWriteTime="133016791800000000" />
  <Object
    Path="C:\projects\pjafag\AfagP70\Physical\Config1\4PPC70_0702_20B\AccessAndSecurity\UserRoleSystem\Role.role"
    LogicalPath="Config1.4PPC70_0702_20B.AccessAndSecurity.UserRoleSystem.Role.role"
    Type="File"
    LastWriteTime="133016791800000000"
    Private="false" />
  <Object
    Path="C:\projects\pjafag\AfagP70\Physical\Config1\4PPC70_0702_20B\AccessAndSecurity\UserRoleSystem\User.user"
    LogicalPath="Config1.4PPC70_0702_20B.AccessAndSecurity.UserRoleSystem.User.user"
    Type="File"
    LastWriteTime="133016791800000000"
    Private="false" />
  <Object
    Path="C:\projects\pjafag\AfagP70\Physical\Config1\4PPC70_0702_20B\AccessAndSecurity\CertificateStore\Package.pkg"
    LogicalPath="Config1.4PPC70_0702_20B.AccessAndSecurity.CertificateStore"
    Type="Package"
    LastWriteTime="133016791800000000" />
  <Object
    Path="C:\projects\pjafag\AfagP70\Physical\Config1\4PPC70_0702_20B\AccessAndSecurity\CertificateStore\OwnCertificates\Package.pkg"
    LogicalPath="Config1.4PPC70_0702_20B.AccessAndSecurity.CertificateStore.OwnCertificates"
    Type="Package"
    LastWriteTime="133016791800000000" />
  <Object
    Path="C:\projects\pjafag\AfagP70\Physical\Config1\4PPC70_0702_20B\AccessAndSecurity\CertificateStore\OwnCertificates\Certificates\Package.pkg"
    LogicalPath="Config1.4PPC70_0702_20B.AccessAndSecurity.CertificateStore.OwnCertificates.Certificates"
    Type="Package"
    LastWriteTime="133016791800000000" />
  <Object
    Path="C:\projects\pjafag\AfagP70\Physical\Config1\4PPC70_0702_20B\AccessAndSecurity\CertificateStore\OwnCertificates\PrivateKeys\Package.pkg"
    LogicalPath="Config1.4PPC70_0702_20B.AccessAndSecurity.CertificateStore.OwnCertificates.PrivateKeys"
    Type="Package"
    LastWriteTime="133016791800000000" />
  <Object
    Path="C:\projects\pjafag\AfagP70\Physical\Config1\4PPC70_0702_20B\AccessAndSecurity\CertificateStore\ThirdPartyCertificates\Package.pkg"
    LogicalPath="Config1.4PPC70_0702_20B.AccessAndSecurity.CertificateStore.ThirdPartyCertificates"
    Type="Package"
    LastWriteTime="133016791800000000" />
  <Object
    Path="C:\projects\pjafag\AfagP70\Physical\Config1\4PPC70_0702_20B\AccessAndSecurity\CertificateStore\ThirdPartyCertificates\SoftwareCertificates\Package.pkg"
    LogicalPath="Config1.4PPC70_0702_20B.AccessAndSecurity.CertificateStore.ThirdPartyCertificates.SoftwareCertificates"
    Type="Package"
    LastWriteTime="133016791800000000" />
  <Object
    Path="C:\projects\pjafag\AfagP70\Physical\Config1\4PPC70_0702_20B\AccessAndSecurity\CertificateStore\CertificateRevocationLists\Package.pkg"
    LogicalPath="Config1.4PPC70_0702_20B.AccessAndSecurity.CertificateStore.CertificateRevocationLists"
    Type="Package"
    LastWriteTime="133016791800000000" />
  <Object
    Path="C:\projects\pjafag\AfagP70\Physical\Config1\4PPC70_0702_20B\AccessAndSecurity\CertificateStore\CertificateSigningRequests\Package.pkg"
    LogicalPath="Config1.4PPC70_0702_20B.AccessAndSecurity.CertificateStore.CertificateSigningRequests"
    Type="Package"
    LastWriteTime="133016791800000000" />
  <Object
    Path="C:\projects\pjafag\AfagP70\Physical\Config1\4PPC70_0702_20B\AccessAndSecurity\TransportLayerSecurity\Package.pkg"
    LogicalPath="Config1.4PPC70_0702_20B.AccessAndSecurity.TransportLayerSecurity"
    Type="Package"
    LastWriteTime="133016791800000000" />
  <Object
    Path="C:\projects\pjafag\AfagP70\Physical\Config1\4PPC70_0702_20B\AccessAndSecurity\Firewall\Package.pkg"
    LogicalPath="Config1.4PPC70_0702_20B.AccessAndSecurity.Firewall"
    Type="Package"
    LastWriteTime="133016791800000000" />
  <Object
    Path="C:\projects\pjafag\AfagP70\Physical\Config1\4PPC70_0702_20B\AccessAndSecurity\Firewall\Rules.firewallRules"
    LogicalPath="Config1.4PPC70_0702_20B.AccessAndSecurity.Firewall.Rules.firewallRules"
    Type="File"
    LastWriteTime="133016791800000000"
    Private="false" />
  <Object
    Path="C:\projects\pjafag\AfagP70\Physical\Config1\4PPC70_0702_20B\mappControl\Package.pkg"
    LogicalPath="Config1.4PPC70_0702_20B.mappControl"
    Type="Package"
    LastWriteTime="133016791800000000" />
  <Object
    Path="C:\projects\pjafag\AfagP70\Physical\Config1\4PPC70_0702_20B\mappMotion\Package.pkg"
    LogicalPath="Config1.4PPC70_0702_20B.mappMotion"
    Type="Package"
    LastWriteTime="133016791800000000" />
  <Object
    Path="C:\projects\pjafag\AfagP70\Physical\Config1\4PPC70_0702_20B\mappServices\Package.pkg"
    LogicalPath="Config1.4PPC70_0702_20B.mappServices"
    Type="Package"
    LastWriteTime="133555003522300535" />
  <Object
    Path="C:\projects\pjafag\AfagP70\Physical\Config1\4PPC70_0702_20B\mappServices\Config.mpdatabasecore"
    LogicalPath="Config1.4PPC70_0702_20B.mappServices.Config.mpdatabasecore"
    Type="File"
    LastWriteTime="133607724456189381"
    Private="false" />
  <Object
    Path="C:\projects\pjafag\AfagP70\Physical\Config1\4PPC70_0702_20B\mappSafety\Package.pkg"
    LogicalPath="Config1.4PPC70_0702_20B.mappSafety"
    Type="Package"
    LastWriteTime="133016791800000000" />
  <Object
    Path="C:\projects\pjafag\AfagP70\Physical\Config1\4PPC70_0702_20B\mappSafety\SafeApplication\Package.pkg"
    LogicalPath="Config1.4PPC70_0702_20B.mappSafety.SafeApplication"
    Type="Package"
    LastWriteTime="133016791800000000" />
  <Object
    Path="C:\projects\pjafag\AfagP70\Physical\Config1\4PPC70_0702_20B\mappSafety\SafeCommissioning\Package.pkg"
    LogicalPath="Config1.4PPC70_0702_20B.mappSafety.SafeCommissioning"
    Type="Package"
    LastWriteTime="133016791800000000" />
  <Object
    Path="C:\projects\pjafag\AfagP70\Physical\Config1\4PPC70_0702_20B\mappView\Package.pkg"
    LogicalPath="Config1.4PPC70_0702_20B.mappView"
    Type="Package"
    LastWriteTime="133555002033484210" />
  <Object
    Path="C:\projects\pjafag\AfagP70\Physical\Config1\4PPC70_0702_20B\mappVision\Package.pkg"
    LogicalPath="Config1.4PPC70_0702_20B.mappVision"
    Type="Package"
    LastWriteTime="133016791800000000" />
  <Object
    Path="C:\projects\pjafag\AfagP70\Physical\Config1\4PPC70_0702_20B\mappCockpit\Package.pkg"
    LogicalPath="Config1.4PPC70_0702_20B.mappCockpit"
    Type="Package"
    LastWriteTime="133016791800000000" />
  <Object
    Path="C:\projects\pjafag\AfagP70\Physical\Config1\4PPC70_0702_20B\VC\Package.pkg"
    LogicalPath="Config1.4PPC70_0702_20B.VC"
    Type="Package"
    LastWriteTime="133016791840000000" />
  <Object
    Path="C:\projects\pjafag\AfagP70\Physical\Config1\4PPC70_0702_20B\VC\4PPC70_0702_20B.dis"
    LogicalPath="Config1.4PPC70_0702_20B.VC.4PPC70_0702_20B.dis"
    Type="File"
    LastWriteTime="133016791840000000"
    Private="false" />
  <Object
    Path="C:\projects\pjafag\AfagP70\Physical\Config1\Hardware.jpg"
    LogicalPath="Config1.Hardware.jpg"
    Type="File"
    LastWriteTime="133016798500000000"
    Private="false" />
</Objects>